The system is: Windows - 6.1.7601 - AMD64
Compiling the C compiler identification source file "CMakeCCompilerId.c" succeeded.
Compiler: C:/Program Files (x86)/Microsoft Visual Studio 14.0/VC/bin/cl.exe 
Build flags: 
Id flags:  

The output was:
0
Microsoft (R) C/C++ Optimizing Compiler Version 19.00.23918 for x86
Copyright (C) Microsoft Corporation.  All rights reserved.

CMakeCCompilerId.c
Microsoft (R) Incremental Linker Version 14.00.23918.0
Copyright (C) Microsoft Corporation.  All rights reserved.

/out:CMakeCCompilerId.exe 
CMakeCCompilerId.obj 


Compilation of the C compiler identification source "CMakeCCompilerId.c" produced "CMakeCCompilerId.exe"

Compilation of the C compiler identification source "CMakeCCompilerId.c" produced "CMakeCCompilerId.obj"

The C compiler identification is MSVC, found in "D:/__PROJECTS/C/cmake-build-debug/CMakeFiles/3.14.5/CompilerIdC/CMakeCCompilerId.exe"

Determining if the C compiler works passed with the following output:
Change Dir: D:/__PROJECTS/C/cmake-build-debug/CMakeFiles/CMakeTmp

Run Build Command(s):nmake /nologo cmTC_16342\fast 
	"C:\Program Files (x86)\Microsoft Visual Studio 14.0\VC\BIN\nmake.exe" -f CMakeFiles\cmTC_16342.dir\build.make /nologo -L                  CMakeFiles\cmTC_16342.dir\build
Building C object CMakeFiles/cmTC_16342.dir/testCCompiler.c.obj
	C:\PROGRA~2\MICROS~2.0\VC\bin\cl.exe @C:\Users\apetrov\AppData\Local\Temp\nmC766.tmp
testCCompiler.c
Linking C executable cmTC_16342.exe
	"C:\Program Files\JetBrains\CLion 2019.2\bin\cmake\win\bin\cmake.exe" -E vs_link_exe --intdir=CMakeFiles\cmTC_16342.dir --rc=C:\PROGRA~2\WI3CF2~1\8.1\bin\x86\rc.exe --mt=C:\PROGRA~2\WI3CF2~1\8.1\bin\x86\mt.exe --manifests  -- C:\PROGRA~2\MICROS~2.0\VC\bin\link.exe /nologo @CMakeFiles\cmTC_16342.dir\objects1.rsp @C:\Users\apetrov\AppData\Local\Temp\nmC7C5.tmp


Detecting C compiler ABI info compiled with the following output:
Change Dir: D:/__PROJECTS/C/cmake-build-debug/CMakeFiles/CMakeTmp

Run Build Command(s):nmake /nologo cmTC_e8413\fast 
	"C:\Program Files (x86)\Microsoft Visual Studio 14.0\VC\BIN\nmake.exe" -f CMakeFiles\cmTC_e8413.dir\build.make /nologo -L                  CMakeFiles\cmTC_e8413.dir\build
Building C object CMakeFiles/cmTC_e8413.dir/CMakeCCompilerABI.c.obj
	C:\PROGRA~2\MICROS~2.0\VC\bin\cl.exe @C:\Users\apetrov\AppData\Local\Temp\nmCA05.tmp
CMakeCCompilerABI.c
Linking C executable cmTC_e8413.exe
	"C:\Program Files\JetBrains\CLion 2019.2\bin\cmake\win\bin\cmake.exe" -E vs_link_exe --intdir=CMakeFiles\cmTC_e8413.dir --rc=C:\PROGRA~2\WI3CF2~1\8.1\bin\x86\rc.exe --mt=C:\PROGRA~2\WI3CF2~1\8.1\bin\x86\mt.exe --manifests  -- C:\PROGRA~2\MICROS~2.0\VC\bin\link.exe /nologo @CMakeFiles\cmTC_e8413.dir\objects1.rsp @C:\Users\apetrov\AppData\Local\Temp\nmCA83.tmp




Detecting C [] compiler features compiled with the following output:
Change Dir: D:/__PROJECTS/C/cmake-build-debug/CMakeFiles/CMakeTmp

Run Build Command(s):nmake /nologo cmTC_bd4fe\fast 
	"C:\Program Files (x86)\Microsoft Visual Studio 14.0\VC\BIN\nmake.exe" -f CMakeFiles\cmTC_bd4fe.dir\build.make /nologo -L                  CMakeFiles\cmTC_bd4fe.dir\build
Building C object CMakeFiles/cmTC_bd4fe.dir/feature_tests.c.obj
	C:\PROGRA~2\MICROS~2.0\VC\bin\cl.exe @C:\Users\apetrov\AppData\Local\Temp\nmD75E.tmp
feature_tests.c
Linking C executable cmTC_bd4fe.exe
	"C:\Program Files\JetBrains\CLion 2019.2\bin\cmake\win\bin\cmake.exe" -E vs_link_exe --intdir=CMakeFiles\cmTC_bd4fe.dir --rc=C:\PROGRA~2\WI3CF2~1\8.1\bin\x86\rc.exe --mt=C:\PROGRA~2\WI3CF2~1\8.1\bin\x86\mt.exe --manifests  -- C:\PROGRA~2\MICROS~2.0\VC\bin\link.exe /nologo @CMakeFiles\cmTC_bd4fe.dir\objects1.rsp @C:\Users\apetrov\AppData\Local\Temp\nmD839.tmp


    Feature record: C_FEATURE:1c_function_prototypes
    Feature record: C_FEATURE:1c_variadic_macros
